13T14:58:55.7662562Z npm info using node@v20.19.1
2025-06-13T14:58:52.6223662Z Environment Variables for Application Insight's IPA Codeless Configuration exists..
2025-06-13T14:58:52.8799099Z Writing output script to '/opt/startup/startup.sh'
2025-06-13T14:58:53.1408827Z Running #!/bin/sh
2025-06-13T14:58:53.1409874Z 
2025-06-13T14:58:53.1409957Z # Enter the source directory to make sure the script runs where the user expects
2025-06-13T14:58:53.1410019Z cd "/home/site/wwwroot"
2025-06-13T14:58:53.1410194Z 
2025-06-13T14:58:53.1410244Z export NODE_PATH=/usr/local/lib/node_modules:$NODE_PATH
2025-06-13T14:58:53.1410290Z if [ -z "$PORT" ]; then
2025-06-13T14:58:53.1410338Z            export PORT=8080
2025-06-13T14:58:53.1410400Z fi
2025-06-13T14:58:53.1410463Z 
2025-06-13T14:58:53.1410510Z echo Found tar.gz based node_modules.
2025-06-13T14:58:53.1410559Z extractionCommand="tar -xzf node_modules.tar.gz -C /node_modules"
2025-06-13T14:58:53.1410627Z echo "Removing existing modules directory from root..."
2025-06-13T14:58:53.1410678Z rm -fr /node_modules
2025-06-13T14:58:53.1410739Z mkdir -p /node_modules
2025-06-13T14:58:53.1410787Z echo Extracting modules...
2025-06-13T14:58:53.1410833Z $extractionCommand
2025-06-13T14:58:53.1410882Z export NODE_PATH="/node_modules":$NODE_PATH
2025-06-13T14:58:53.1410934Z export PATH=/node_modules/.bin:$PATH
2025-06-13T14:58:53.1410998Z if [ -d node_modules ]; then
2025-06-13T14:58:53.1411045Z     mv -f node_modules _del_node_modules || true
2025-06-13T14:58:53.1411097Z fi
2025-06-13T14:58:53.1411140Z 
2025-06-13T14:58:53.1411188Z if [ -d /node_modules ]; then
2025-06-13T14:58:53.1411261Z     ln -sfn /node_modules ./node_modules 
2025-06-13T14:58:53.1411311Z fi
2025-06-13T14:58:53.1411360Z 
2025-06-13T14:58:53.1411407Z echo "Done."
2025-06-13T14:58:53.1411465Z PATH="$PATH:/home/site/wwwroot" npm rebuild && npx pm2-runtime start server.js --no-daemon
2025-06-13T14:58:53.1420301Z Found tar.gz based node_modules.
2025-06-13T14:58:53.1420683Z Removing existing modules directory from root...
2025-06-13T14:58:53.1448089Z Extracting modules...
2025-06-13T14:58:54.6760291Z mv: cannot overwrite non-directory '_del_node_modules/node_modules' with directory 'node_modules'
2025-06-13T14:58:54.7182317Z Done.
2025-06-13T14:58:55.1478119Z npm info using npm@10.9.2
2025-06-13T14:58:55.1479242Z npm info using node@v20.19.1
2025-06-13T14:58:55.5176484Z npm http fetch GET 200 https://registry.npmjs.org/npm 169ms
2025-06-13T14:58:56.3531709Z npm http fetch GET 200 https://registry.npmjs.org/npm 242ms
2025-06-13T14:58:56.6634857Z mv: cannot overwrite non-directory '_del_node_modules/node_modules' with directory 'node_modules'
2025-06-13T14:58:56.7075783Z Done.
2025-06-13T14:58:57.1570214Z npm info using npm@10.9.2
2025-06-13T14:58:57.1571568Z npm info using node@v20.19.1
2025-06-13T14:58:57.5228478Z npm http fetch GET 200 https://registry.npmjs.org/npm 170ms
2025-06-13T14:59:00.3672773Z npm info run cypress@13.17.0 postinstall ../../../node_modules/cypress node index.js --exec install
2025-06-13T14:59:00.3767218Z npm info run esbuild@0.25.2 postinstall ../../../node_modules/esbuild node install.js
2025-06-13T14:59:00.3807779Z npm info run cypress@13.17.0 postinstall node_modules/cypress node index.js --exec install
2025-06-13T14:59:01.1165536Z npm info run cypress@13.17.0 postinstall { code: 1, signal: null }
2025-06-13T14:59:01.1172556Z npm info run esbuild@0.25.2 postinstall node_modules/esbuild node install.js
2025-06-13T14:59:01.1305297Z npm error code 1
2025-06-13T14:59:01.1310809Z npm error path /home/site/wwwroot/node_modules/cypress
2025-06-13T14:59:01.1311124Z npm error command failed
2025-06-13T14:59:01.1311254Z npm error command sh -c node index.js --exec install
2025-06-13T14:59:01.1311309Z npm error node:internal/modules/cjs/loader:1215
2025-06-13T14:59:01.1311443Z npm error   throw err;
2025-06-13T14:59:01.1311491Z npm error   ^
2025-06-13T14:59:01.1311537Z npm error
2025-06-13T14:59:01.1311606Z npm error Error: Cannot find module './lib/util'
2025-06-13T14:59:01.1311678Z npm error Require stack:
2025-06-13T14:59:01.1311732Z npm error - /home/site/wwwroot/node_modules/cypress/index.js
2025-06-13T14:59:01.1311787Z npm error     at Module._resolveFilename (node:internal/modules/cjs/loader:1212:15)
2025-06-13T14:59:01.1311843Z npm error     at Module._load (node:internal/modules/cjs/loader:1043:27)
2025-06-13T14:59:01.1311919Z npm error     at Module.require (node:internal/modules/cjs/loader:1298:19)
2025-06-13T14:59:01.1311986Z npm error     at Module.patchedRequire [as require] (/agents/nodejs/node_modules/diagnostic-channel/dist/src/patchRequire.js:16:46)
2025-06-13T14:59:01.1312034Z npm error     at require (node:internal/modules/helpers:182:18)
2025-06-13T14:59:01.1312089Z npm error     at Object.<anonymous> (/home/site/wwwroot/node_modules/cypress/index.js:6:14)
2025-06-13T14:59:01.1312169Z npm error     at Module._compile (node:internal/modules/cjs/loader:1529:14)
2025-06-13T14:59:01.1312238Z npm error     at Module._extensions..js (node:internal/modules/cjs/loader:1613:10)
2025-06-13T14:59:01.1312285Z npm error     at Module.load (node:internal/modules/cjs/loader:1275:32)
2025-06-13T14:59:01.1312335Z npm error     at Module._load (node:internal/modules/cjs/loader:1096:12) {
2025-06-13T14:59:01.1312397Z npm error   code: 'MODULE_NOT_FOUND',
2025-06-13T14:59:01.1312451Z npm error   requireStack: [ '/home/site/wwwroot/node_modules/cypress/index.js' ]
2025-06-13T14:59:01.1312504Z npm error }
2025-06-13T14:59:01.1312555Z npm error
2025-06-13T14:59:01.1312604Z npm error Node.js v20.19.1
2025-06-13T14:59:01.1333033Z npm notice
2025-06-13T14:59:01.1333459Z npm notice New major version of npm available! 10.9.2 -> 11.4.2
2025-06-13T14:59:01.1333536Z npm notice Changelog: https://github.com/npm/cli/releases/tag/v11.4.2
2025-06-13T14:59:01.1333590Z npm notice To update run: npm install -g npm@11.4.2
2025-06-13T14:59:01.1333635Z npm notice
2025-06-13T14:59:01.1335865Z npm error A complete log of this run can be found in: /root/.npm/_logs/2025-06-13T14_58_55_103Z-debug-0.log
2025-06-13T14:59:01.2530657Z Container has finished running with exit code: 1.
2025-06-13T14:59:01.2532241Z Container is terminating. Grace period: 5 seconds.
2025-06-13T14:59:01.2535167Z Stop and delete container. Retry count = 0
2025-06-13T14:59:01.2536475Z Stopping container: 089040d44fad_spartaxclientprd.
2025-06-13T14:59:01.2627217Z Deleting container: 089040d44fad_spartaxclientprd. Retry count = 0
2025-06-13T14:59:02.3844760Z Container spec TerminationMessagePolicy  path 
2025-06-13T14:59:02.3846984Z Container is terminated. Total time elapsed: 1131 ms.
2025-06-13T14:59:02.3848234Z Site container: spartaxclientprd terminated during site startup.
2025-06-13T14:59:02.3850329Z Site startup probe failed after 15.1636824 seconds.
2025-06-13T14:59:02.3869048Z Failed to start site. Revert by stopping site.
2025-06-13T14:59:02.3871515Z Site: spartaxclientprd stopped.
2025-06-13T14:59:01.3365841Z npm info run cypress@13.17.0 postinstall ../../../node_modules/cypress node index.js --exec install
2025-06-13T14:59:01.3447612Z npm info run esbuild@0.25.2 postinstall ../../../node_modules/esbuild node install.js
2025-06-13T14:59:01.3506436Z npm info run cypress@13.17.0 postinstall node_modules/cypress node index.js --exec install
2025-06-13T14:59:01.8444735Z npm info run cypress@13.17.0 postinstall { code: 1, signal: null }
2025-06-13T14:59:01.8459119Z npm info run esbuild@0.25.2 postinstall node_modules/esbuild node install.js
2025-06-13T14:59:01.9061566Z npm error code 1
2025-06-13T14:59:01.9069033Z npm error path /home/site/wwwroot/node_modules/cypress
2025-06-13T14:59:01.9072692Z npm error command failed
2025-06-13T14:59:01.9074945Z npm error command sh -c node index.js --exec install
2025-06-13T14:59:01.9079100Z npm error node:internal/modules/cjs/loader:1215
2025-06-13T14:59:01.9079456Z npm error   throw err;
2025-06-13T14:59:01.9079521Z npm error   ^
2025-06-13T14:59:01.9079571Z npm error
2025-06-13T14:59:01.9079712Z npm error Error: Cannot find module './lib/util'
2025-06-13T14:59:01.9079836Z npm error Require stack:
2025-06-13T14:59:01.9079889Z npm error - /home/site/wwwroot/node_modules/cypress/index.js
2025-06-13T14:59:01.9079945Z npm error     at Module._resolveFilename (node:internal/modules/cjs/loader:1212:15)
2025-06-13T14:59:01.9080003Z npm error     at Module._load (node:internal/modules/cjs/loader:1043:27)
2025-06-13T14:59:01.9080078Z npm error     at Module.require (node:internal/modules/cjs/loader:1298:19)
2025-06-13T14:59:01.9080149Z npm error     at Module.patchedRequire [as require] (/agents/nodejs/node_modules/diagnostic-channel/dist/src/patchRequire.js:16:46)
2025-06-13T14:59:01.9080206Z npm error     at require (node:internal/modules/helpers:182:18)
2025-06-13T14:59:01.9080263Z npm error     at Object.<anonymous> (/home/site/wwwroot/node_modules/cypress/index.js:6:14)
2025-06-13T14:59:01.9080357Z npm error     at Module._compile (node:internal/modules/cjs/loader:1529:14)
2025-06-13T14:59:01.9080415Z npm error     at Module._extensions..js (node:internal/modules/cjs/loader:1613:10)
2025-06-13T14:59:01.9080473Z npm error     at Module.load (node:internal/modules/cjs/loader:1275:32)
2025-06-13T14:59:01.9080521Z npm error     at Module._load (node:internal/modules/cjs/loader:1096:12) {
2025-06-13T14:59:01.9080593Z npm error   code: 'MODULE_NOT_FOUND',
2025-06-13T14:59:01.9080650Z npm error   requireStack: [ '/home/site/wwwroot/node_modules/cypress/index.js' ]
2025-06-13T14:59:01.9080701Z npm error }
2025-06-13T14:59:01.9080744Z npm error
2025-06-13T14:59:01.9080791Z npm error Node.js v20.19.1
2025-06-13T14:59:01.9115470Z npm notice
2025-06-13T14:59:01.9115996Z npm notice New major version of npm available! 10.9.2 -> 11.4.2
2025-06-13T14:59:01.9116105Z npm notice Changelog: https://github.com/npm/cli/releases/tag/v11.4.2
2025-06-13T14:59:01.9116157Z npm notice To update run: npm install -g npm@11.4.2
2025-06-13T14:59:01.9116212Z npm notice
2025-06-13T14:59:01.9253235Z npm error A complete log of this run can be found in: /root/.npm/_logs/2025-06-13T14_58_55_687Z-debug-0.log
2025-06-13T14:59:01.9574537Z Container has finished running with exit code: 1.
2025-06-13T14:59:01.9576377Z Container is terminating. Grace period: 5 seconds.
2025-06-13T14:59:01.9579674Z Stop and delete container. Retry count = 0
2025-06-13T14:59:01.9580902Z Stopping container: 0e6385360db4_spartaxclientprd.
2025-06-13T14:59:01.9681702Z Deleting container: 0e6385360db4_spartaxclientprd. Retry count = 0
2025-06-13T14:59:04.8087448Z Container spec TerminationMessagePolicy  path 
2025-06-13T14:59:04.8089500Z Container is terminated. Total time elapsed: 2851 ms.
2025-06-13T14:59:04.8090911Z Site container: spartaxclientprd terminated during site startup.
2025-06-13T14:59:04.8093024Z Site startup probe failed after 15.2782155 seconds.
2025-06-13T14:59:04.8107621Z Failed to start site. Revert by stopping site.
2025-06-13T14:59:04.8109487Z Site: spartaxclientprd stopped.
2025-06-13T14:59:02.8486701Z npm info run cypress@13.17.0 postinstall ../../../node_modules/cypress node index.js --exec install
2025-06-13T14:59:02.8697586Z npm info run esbuild@0.25.2 postinstall ../../../node_modules/esbuild node install.js
2025-06-13T14:59:02.8767922Z npm info run cypress@13.17.0 postinstall node_modules/cypress node index.js --exec install
2025-06-13T14:59:05.6548734Z npm info run cypress@13.17.0 postinstall { code: 1, signal: null }
2025-06-13T14:59:05.6554387Z npm info run esbuild@0.25.2 postinstall node_modules/esbuild node install.js
2025-06-13T14:59:05.6554762Z npm error code 1
2025-06-13T14:59:05.6554819Z npm error path /home/site/wwwroot/node_modules/cypress
2025-06-13T14:59:05.6554869Z npm error command failed
2025-06-13T14:59:05.6554971Z npm error command sh -c node index.js --exec install
2025-06-13T14:59:05.6555017Z npm error node:internal/modules/cjs/loader:1215
2025-06-13T14:59:05.6555063Z npm error   throw err;
2025-06-13T14:59:05.6555105Z npm error   ^
2025-06-13T14:59:05.6555149Z npm error
2025-06-13T14:59:05.6555213Z npm error Error: Cannot find module './lib/util'
2025-06-13T14:59:05.6555306Z npm error Require stack:
2025-06-13T14:59:05.6555352Z npm error - /home/site/wwwroot/node_modules/cypress/index.js
2025-06-13T14:59:05.6555400Z npm error     at Module._resolveFilename (node:internal/modules/cjs/loader:1212:15)
2025-06-13T14:59:05.6555448Z npm error     at Module._load (node:internal/modules/cjs/loader:1043:27)
2025-06-13T14:59:05.6555516Z npm error     at Module.require (node:internal/modules/cjs/loader:1298:19)
2025-06-13T14:59:05.6555584Z npm error     at Module.patchedRequire [as require] (/agents/nodejs/node_modules/diagnostic-channel/dist/src/patchRequire.js:16:46)
2025-06-13T14:59:05.6555631Z npm error     at require (node:internal/modules/helpers:182:18)
2025-06-13T14:59:05.6555683Z npm error     at Object.<anonymous> (/home/site/wwwroot/node_modules/cypress/index.js:6:14)
2025-06-13T14:59:05.6555771Z npm error     at Module._compile (node:internal/modules/cjs/loader:1529:14)
2025-06-13T14:59:05.6555819Z npm error     at Module._extensions..js (node:internal/modules/cjs/loader:1613:10)
2025-06-13T14:59:05.6555870Z npm error     at Module.load (node:internal/modules/cjs/loader:1275:32)
2025-06-13T14:59:05.6555917Z npm error     at Module._load (node:internal/modules/cjs/loader:1096:12) {
2025-06-13T14:59:05.6555961Z npm error   code: 'MODULE_NOT_FOUND',
2025-06-13T14:59:05.6556034Z npm error   requireStack: [ '/home/site/wwwroot/node_modules/cypress/index.js' ]
2025-06-13T14:59:05.6556081Z npm error }
2025-06-13T14:59:05.6556128Z npm error
2025-06-13T14:59:05.6556171Z npm error Node.js v20.19.1
2025-06-13T14:59:05.6556214Z npm notice
2025-06-13T14:59:05.6556283Z npm notice New major version of npm available! 10.9.2 -> 11.4.2
2025-06-13T14:59:05.6556332Z npm notice Changelog: https://github.com/npm/cli/releases/tag/v11.4.2
2025-06-13T14:59:05.6556378Z npm notice To update run: npm install -g npm@11.4.2
2025-06-13T14:59:05.6556422Z npm notice
2025-06-13T14:59:05.6556488Z npm error A complete log of this run can be found in: /root/.npm/_logs/2025-06-13T14_58_57_111Z-debug-0.log
2025-06-13T14:59:07.0140304Z Container has finished running with exit code: 1.
2025-06-13T14:59:07.0141961Z Container is terminating. Grace period: 5 seconds.
2025-06-13T14:59:07.0145330Z Stop and delete container. Retry count = 0
2025-06-13T14:59:07.0146386Z Stopping container: 1b2fc4415a00_spartaxclientprd.
2025-06-13T14:59:07.0271099Z Deleting container: 1b2fc4415a00_spartaxclientprd. Retry count = 0
2025-06-13T14:59:08.7163015Z Container spec TerminationMessagePolicy  path 
2025-06-13T14:59:08.7165256Z Container is terminated. Total time elapsed: 1702 ms.
2025-06-13T14:59:08.7166707Z Site container: spartaxclientprd terminated during site startup.
2025-06-13T14:59:08.7169077Z Site startup probe failed after 19.6361499 seconds.
2025-06-13T14:59:08.7189205Z Failed to start site. Revert by stopping site.
2025-06-13T14:59:08.7191462Z Site: spartaxclientprd stopped.
2025-06-13T14:59:05.1111309Z Site container: spartaxclientprd_managedIdentity terminated during site startup.
2025-06-13T14:59:05.1197157Z ManagedIdentity container failed to startup
2025-06-13T14:59:05.3165423Z Site: spartaxclientprd will be blocked for 4 minutes till 06/13/2025 15:03:05
2025-06-13T14:59:06.5949136Z Site container: spartaxclientprd_managedIdentity terminated during site startup.
2025-06-13T14:59:06.5972290Z ManagedIdentity container failed to startup
2025-06-13T14:59:06.9548915Z Site: spartaxclientprd is unblocked.
2025-06-13T14:59:14.6607270Z Container start method called.
2025-06-13T14:59:09.0846315Z Site container: spartaxclientprd_managedIdentity terminated during site startup.
2025-06-13T14:59:15.0694849Z    _____                               
2025-06-13T14:59:15.0695672Z   /  _  \ __________ _________   ____  
2025-06-13T14:59:15.0695790Z  /  /_\  \\___   /  |  \_  __ \_/ __ \ 
2025-06-13T14:59:15.0695872Z /    |    \/    /|  |  /|  | \/\  ___/ 
2025-06-13T14:59:15.0695926Z \____|__  /_____ \____/ |__|    \___  >
2025-06-13T14:59:15.0695998Z         \/      \/                  \/ 
2025-06-13T14:59:15.0696052Z A P P   S E R V I C E   O N   L I N U X
2025-06-13T14:59:15.0696122Z 
2025-06-13T14:59:15.0696175Z Documentation: http://aka.ms/webapp-linux
2025-06-13T14:59:15.0696225Z NodeJS quickstart: https://aka.ms/node-qs
2025-06-13T14:59:15.0700844Z NodeJS Version : v20.19.1
2025-06-13T14:59:15.0701007Z Note: Any data outside '/home' is not persisted
2025-06-13T14:59:15.0701475Z 
2025-06-13T14:59:16.7717148Z Starting OpenBSD Secure Shell server: sshd.
2025-06-13T14:59:16.7772337Z WEBSITES_INCLUDE_CLOUD_CERTS is not set to true.
2025-06-13T14:59:16.7909103Z Updating certificates in /etc/ssl/certs...
2025-06-13T14:59:18.8370754Z rehash: warning: skipping ca-certificates.crt,it does not contain exactly one certificate or CRL
2025-06-13T14:59:18.8468038Z 2 added, 0 removed; done.
2025-06-13T14:59:18.8469111Z Running hooks in /etc/ca-certificates/update.d...
2025-06-13T14:59:18.8494429Z done.
2025-06-13T14:59:18.8556797Z CA certificates copied and updated successfully.
2025-06-13T14:59:18.9090805Z Starting periodic command scheduler: cron.
2025-06-13T14:59:18.9151041Z Found build manifest file at '/home/site/wwwroot/oryx-manifest.toml'. Deserializing it...
2025-06-13T14:59:18.9180133Z Could not find operation ID in manifest. Generating an operation id...
2025-06-13T14:59:18.9189481Z Build Operation ID: 00a72245-681a-4a30-9fe5-884df381a644
2025-06-13T14:59:14.6609119Z Establishing network.
2025-06-13T14:59:14.6610423Z Pulling image: appsvc/node:20-lts_20250506.5.tuxprod.
2025-06-13T14:59:14.7297944Z Container is starting.
2025-06-13T14:59:14.7299195Z Establishing user namespace if not established already.
2025-06-13T14:59:14.7300273Z Establishing network if not established already.
2025-06-13T14:59:14.7301248Z Mounting volumes.
2025-06-13T14:59:14.7302646Z Nested mountpoint 
2025-06-13T14:59:14.7361804Z Nested mountpoint volatile/logs
2025-06-13T14:59:14.7381543Z Nested mountpoint 
2025-06-13T14:59:14.7392886Z Nested mountpoint 
2025-06-13T14:59:14.7399636Z Nested mountpoint 
2025-06-13T14:59:14.7406794Z Nested mountpoint 
2025-06-13T14:59:14.7468531Z Nested mountpoint 
2025-06-13T14:59:14.7477019Z Nested mountpoint 
2025-06-13T14:59:14.7528766Z Nested mountpoint 
2025-06-13T14:59:14.7646045Z Nested mountpoint 
2025-06-13T14:59:14.9396749Z Creating container.
2025-06-13T14:59:14.9401307Z Creating pipes for streaming container io.
2025-06-13T14:59:14.9406043Z Creating stdout named pipe at /podr/container/pipe/a210ab3e29ea_spartaxclientprd/stdout_fc78ad9fdfcb427a86def5bd75c6f0ab.
2025-06-13T14:59:14.9411530Z Successfully created stdout named pipe at: /podr/container/pipe/a210ab3e29ea_spartaxclientprd/stdout_fc78ad9fdfcb427a86def5bd75c6f0ab.
2025-06-13T14:59:14.9416058Z Opening named pipe /podr/container/pipe/a210ab3e29ea_spartaxclientprd/stdout_fc78ad9fdfcb427a86def5bd75c6f0ab for reading in non-blocking mode.
2025-06-13T14:59:14.9420991Z Successfully opened named pipe: /podr/container/pipe/a210ab3e29ea_spartaxclientprd/stdout_fc78ad9fdfcb427a86def5bd75c6f0ab.
2025-06-13T14:59:14.9425738Z Successfully removed non-blocking flag from /podr/container/pipe/a210ab3e29ea_spartaxclientprd/stdout_fc78ad9fdfcb427a86def5bd75c6f0ab.
2025-06-13T14:59:14.9429589Z Creating stderr named pipe at /podr/container/pipe/a210ab3e29ea_spartaxclientprd/stderr_20ac1c813c4c464a9f611176f8524f8e.
2025-06-13T14:59:14.9433855Z Successfully created stderr named pipe at: /podr/container/pipe/a210ab3e29ea_spartaxclientprd/stderr_20ac1c813c4c464a9f611176f8524f8e.
2025-06-13T14:59:14.9438321Z Opening named pipe /podr/container/pipe/a210ab3e29ea_spartaxclientprd/stderr_20ac1c813c4c464a9f611176f8524f8e for reading in non-blocking mode.
2025-06-13T14:59:14.9442371Z Successfully opened named pipe: /podr/container/pipe/a210ab3e29ea_spartaxclientprd/stderr_20ac1c813c4c464a9f611176f8524f8e.
2025-06-13T14:59:14.9447941Z Successfully removed non-blocking flag from /podr/container/pipe/a210ab3e29ea_spartaxclientprd/stderr_20ac1c813c4c464a9f611176f8524f8e.
2025-06-13T14:59:14.9452713Z Creating container with image: appsvc/node:20-lts_20250506.5.tuxprod from registry: 10.1.0.6:13209 and fully qualified image name: 10.1.0.6:13209/appsvc/node:20-lts_20250506.5.tuxprod
2025-06-13T14:59:15.0427643Z Starting container: a210ab3e29ea_spartaxclientprd.
2025-06-13T14:59:15.0579640Z Starting watchers and probes.
2025-06-13T14:59:15.0602704Z Starting metrics collection.
2025-06-13T14:59:15.0604938Z Container is running.
2025-06-13T14:59:15.0929665Z Container start method finished after 432 ms.
2025-06-13T14:59:09.0849158Z ManagedIdentity container failed to startup
2025-06-13T14:59:09.2578329Z Site: spartaxclientprd will be blocked for 4 minutes till 06/13/2025 15:03:09
2025-06-13T14:59:19.9939729Z Environment Variables for Application Insight's IPA Codeless Configuration exists..
2025-06-13T14:59:20.2560069Z Writing output script to '/opt/startup/startup.sh'
2025-06-13T14:59:21.0415722Z Container start method called.
2025-06-13T14:59:20.7600872Z    _____                               
2025-06-13T14:59:18.2967452Z Container start method called.
2025-06-13T14:59:18.2969230Z Establishing network.
2025-06-13T14:59:18.2970707Z Pulling image: appsvc/node:20-lts_20250506.5.tuxprod.
2025-06-13T14:59:18.7290708Z Container is starting.
2025-06-13T14:59:18.7292212Z Establishing user namespace if not established already.
2025-06-13T14:59:18.7294090Z Establishing network if not established already.
2025-06-13T14:59:18.7295778Z Mounting volumes.
2025-06-13T14:59:18.7297203Z Nested mountpoint 
2025-06-13T14:59:18.7314213Z Nested mountpoint volatile/logs
2025-06-13T14:59:18.7328598Z Nested mountpoint 
2025-06-13T14:59:18.7338621Z Nested mountpoint 
2025-06-13T14:59:18.7352028Z Nested mountpoint 
2025-06-13T14:59:18.7362502Z Nested mountpoint 
2025-06-13T14:59:18.7390691Z Nested mountpoint 
2025-06-13T14:59:18.7402650Z Nested mountpoint 
2025-06-13T14:59:18.7425084Z Nested mountpoint 
2025-06-13T14:59:18.7456555Z Nested mountpoint 
2025-06-13T14:59:20.6309584Z Running #!/bin/sh
2025-06-13T14:59:20.6310506Z 
2025-06-13T14:59:20.6310665Z # Enter the source directory to make sure the script runs where the user expects
2025-06-13T14:59:20.6310726Z cd "/home/site/wwwroot"
2025-06-13T14:59:20.6310792Z 
2025-06-13T14:59:20.6310846Z export NODE_PATH=/usr/local/lib/node_modules:$NODE_PATH
2025-06-13T14:59:20.6310897Z if [ -z "$PORT" ]; then
2025-06-13T14:59:20.6310970Z            export PORT=8080
2025-06-13T14:59:20.6311041Z fi
2025-06-13T14:59:20.6311090Z 
2025-06-13T14:59:20.6311142Z echo Found tar.gz based node_modules.
2025-06-13T14:59:20.6311200Z extractionCommand="tar -xzf node_modules.tar.gz -C /node_modules"
2025-06-13T14:59:20.6311292Z echo "Removing existing modules directory from root..."
2025-06-13T14:59:20.6311351Z rm -fr /node_modules
2025-06-13T14:59:20.6311404Z mkdir -p /node_modules
2025-06-13T14:59:20.6311455Z echo Extracting modules...
2025-06-13T14:59:20.6311508Z $extractionCommand
2025-06-13T14:59:20.6311579Z export NODE_PATH="/node_modules":$NODE_PATH
2025-06-13T14:59:20.6311637Z export PATH=/node_modules/.bin:$PATH
2025-06-13T14:59:20.6311691Z if [ -d node_modules ]; then
2025-06-13T14:59:20.6311745Z     mv -f node_modules _del_node_modules || true
2025-06-13T14:59:20.6311795Z fi
2025-06-13T14:59:20.6311860Z 
2025-06-13T14:59:20.6311913Z if [ -d /node_modules ]; then
2025-06-13T14:59:20.6311964Z     ln -sfn /node_modules ./node_modules 
2025-06-13T14:59:20.6312016Z fi
2025-06-13T14:59:20.6312066Z 
2025-06-13T14:59:20.6312131Z echo "Done."
2025-06-13T14:59:20.6312189Z PATH="$PATH:/home/site/wwwroot" npm rebuild && npx pm2-runtime start server.js --no-daemon
2025-06-13T14:59:20.6312499Z Found tar.gz based node_modules.
2025-06-13T14:59:20.6312563Z Removing existing modules directory from root...
2025-06-13T14:59:20.6312631Z Extracting modules...
2025-06-13T14:59:24.4558558Z mv: cannot overwrite non-directory '_del_node_modules/node_modules' with directory 'node_modules'
2025-06-13T14:59:24.5523723Z Done.
2025-06-13T14:59:21.6613900Z    _____                               
2025-06-13T14:59:21.6614448Z   /  _  \ __________ _________   ____  
2025-06-13T14:59:21.6614535Z  /  /_\  \\___   /  |  \_  __ \_/ __ \ 
2025-06-13T14:59:21.6614591Z /    |    \/    /|  |  /|  | \/\  ___/ 
2025-06-13T14:59:21.6614682Z \____|__  /_____ \____/ |__|    \___  >
2025-06-13T14:59:21.6614750Z         \/      \/                  \/ 
2025-06-13T14:59:21.6614797Z A P P   S E R V I C E   O N   L I N U X
2025-06-13T14:59:21.6614847Z 
2025-06-13T14:59:21.6614893Z Documentation: http://aka.ms/webapp-linux
2025-06-13T14:59:21.6614961Z NodeJS quickstart: https://aka.ms/node-qs
2025-06-13T14:59:21.6615012Z NodeJS Version : v20.19.1
2025-06-13T14:59:21.6615059Z Note: Any data outside '/home' is not persisted
2025-06-13T14:59:21.6623261Z 
2025-06-13T14:59:22.2485570Z Starting OpenBSD Secure Shell server: sshd.
2025-06-13T14:59:22.2506933Z WEBSITES_INCLUDE_CLOUD_CERTS is not set to true.
2025-06-13T14:59:22.2576743Z Updating certificates in /etc/ssl/certs...
2025-06-13T14:59:23.7279310Z rehash: warning: skipping ca-certificates.crt,it does not contain exactly one certificate or CRL
2025-06-13T14:59:23.7366187Z 2 added, 0 removed; done.
2025-06-13T14:59:23.7369515Z Running hooks in /etc/ca-certificates/update.d...
2025-06-13T14:59:23.7426482Z done.
2025-06-13T14:59:23.7480536Z CA certificates copied and updated successfully.
2025-06-13T14:59:23.7911005Z Starting periodic command scheduler: cron.
2025-06-13T14:59:23.8106812Z Found build manifest file at '/home/site/wwwroot/oryx-manifest.toml'. Deserializing it...
2025-06-13T14:59:23.8176582Z Could not find operation ID in manifest. Generating an operation id...
2025-06-13T14:59:23.8187080Z Build Operation ID: 8059f04a-0071-424b-8829-f25f30e3c429
2025-06-13T14:59:21.0417575Z Establishing network.
2025-06-13T14:59:21.0419161Z Pulling image: appsvc/node:20-lts_20250506.5.tuxprod.
2025-06-13T14:59:21.1260223Z Container is starting.
2025-06-13T14:59:21.1262123Z Establishing user namespace if not established already.
2025-06-13T14:59:21.1263716Z Establishing network if not established already.
2025-06-13T14:59:21.1265230Z Mounting volumes.
2025-06-13T14:59:21.1266968Z Nested mountpoint 
2025-06-13T14:59:21.1292942Z Nested mountpoint volatile/logs
2025-06-13T14:59:21.1313340Z Nested mountpoint 
2025-06-13T14:59:21.1322478Z Nested mountpoint 
2025-06-13T14:59:21.1328532Z Nested mountpoint 
2025-06-13T14:59:21.1334236Z Nested mountpoint 
2025-06-13T14:59:21.1402886Z Nested mountpoint 
2025-06-13T14:59:21.1498343Z Nested mountpoint 
2025-06-13T14:59:21.1556737Z Nested mountpoint 
2025-06-13T14:59:21.1687292Z Nested mountpoint 
2025-06-13T14:59:21.3396888Z Creating container.
2025-06-13T14:59:21.3398318Z Creating pipes for streaming container io.
2025-06-13T14:59:21.3399262Z Creating stdout named pipe at /podr/container/pipe/17c72c93d459_spartaxclientprd/stdout_e52edbd42a524f7db906b13e2a31f286.
2025-06-13T14:59:21.3401687Z Successfully created stdout named pipe at: /podr/container/pipe/17c72c93d459_spartaxclientprd/stdout_e52edbd42a524f7db906b13e2a31f286.
2025-06-13T14:59:21.3403243Z Opening named pipe /podr/container/pipe/17c72c93d459_spartaxclientprd/stdout_e52edbd42a524f7db906b13e2a31f286 for reading in non-blocking mode.
2025-06-13T14:59:21.3405041Z Successfully opened named pipe: /podr/container/pipe/17c72c93d459_spartaxclientprd/stdout_e52edbd42a524f7db906b13e2a31f286.
2025-06-13T14:59:21.3406329Z Successfully removed non-blocking flag from /podr/container/pipe/17c72c93d459_spartaxclientprd/stdout_e52edbd42a524f7db906b13e2a31f286.
2025-06-13T14:59:21.3407613Z Creating stderr named pipe at /podr/container/pipe/17c72c93d459_spartaxclientprd/stderr_2ff85647884943509034ef78392b1e5d.
2025-06-13T14:59:21.3409683Z Successfully created stderr named pipe at: /podr/container/pipe/17c72c93d459_spartaxclientprd/stderr_2ff85647884943509034ef78392b1e5d.
2025-06-13T14:59:21.3411232Z Opening named pipe /podr/container/pipe/17c72c93d459_spartaxclientprd/stderr_2ff85647884943509034ef78392b1e5d for reading in non-blocking mode.
2025-06-13T14:59:21.3412837Z Successfully opened named pipe: /podr/container/pipe/17c72c93d459_spartaxclientprd/stderr_2ff85647884943509034ef78392b1e5d.
2025-06-13T14:59:21.3414206Z Successfully removed non-blocking flag from /podr/container/pipe/17c72c93d459_spartaxclientprd/stderr_2ff85647884943509034ef78392b1e5d.
2025-06-13T14:59:21.3415767Z Creating container with image: appsvc/node:20-lts_20250506.5.tuxprod from registry: 10.1.0.6:13209 and fully qualified image name: 10.1.0.6:13209/appsvc/node:20-lts_20250506.5.tuxprod
2025-06-13T14:59:21.4773584Z Starting container: 17c72c93d459_spartaxclientprd.
2025-06-13T14:59:21.4960769Z Starting watchers and probes.
2025-06-13T14:59:21.4963865Z Starting metrics collection.
2025-06-13T14:59:21.4965574Z Container is running.
2025-06-13T14:59:21.6856223Z Container start method finished after 643 ms.
2025-06-13T14:59:20.7601651Z   /  _  \ __________ _________   ____  
2025-06-13T14:59:20.7601778Z  /  /_\  \\___   /  |  \_  __ \_/ __ \ 
2025-06-13T14:59:20.7601835Z /    |    \/    /|  |  /|  | \/\  ___/ 
2025-06-13T14:59:20.7601883Z \____|__  /_____ \____/ |__|    \___  >
2025-06-13T14:59:20.7601951Z         \/      \/                  \/ 
2025-06-13T14:59:20.7602022Z A P P   S E R V I C E   O N   L I N U X
2025-06-13T14:59:20.7602076Z 
2025-06-13T14:59:20.7602125Z Documentation: http://aka.ms/webapp-linux
2025-06-13T14:59:20.7602173Z NodeJS quickstart: https://aka.ms/node-qs
2025-06-13T14:59:20.7602224Z NodeJS Version : v20.19.1
2025-06-13T14:59:20.7602293Z Note: Any data outside '/home' is not persisted
2025-06-13T14:59:20.7602344Z 
2025-06-13T14:59:21.5327548Z Starting OpenBSD Secure Shell server: sshd.
2025-06-13T14:59:21.5368333Z WEBSITES_INCLUDE_CLOUD_CERTS is not set to true.
2025-06-13T14:59:21.5431054Z Updating certificates in /etc/ssl/certs...
2025-06-13T14:59:22.8093882Z rehash: warning: skipping ca-certificates.crt,it does not contain exactly one certificate or CRL
2025-06-13T14:59:22.8177631Z 2 added, 0 removed; done.
2025-06-13T14:59:22.8178322Z Running hooks in /etc/ca-certificates/update.d...
2025-06-13T14:59:22.8190830Z done.
2025-06-13T14:59:22.8232556Z CA certificates copied and updated successfully.
2025-06-13T14:59:22.8614471Z Starting periodic command scheduler: cron.
2025-06-13T14:59:22.8743297Z Found build manifest file at '/home/site/wwwroot/oryx-manifest.toml'. Deserializing it...
2025-06-13T14:59:22.8767301Z Could not find operation ID in manifest. Generating an operation id...
2025-06-13T14:59:22.8768107Z Build Operation ID: fa2ba501-c909-407a-bf2d-37c6ab9a34fd
2025-06-13T14:59:20.6081848Z Creating container.
2025-06-13T14:59:20.6082956Z Creating pipes for streaming container io.
2025-06-13T14:59:20.6083946Z Creating stdout named pipe at /podr/container/pipe/648e71458350_spartaxclientprd/stdout_452ebad1693f44f3943d6aa353cd6cf7.
2025-06-13T14:59:20.6086194Z Successfully created stdout named pipe at: /podr/container/pipe/648e71458350_spartaxclientprd/stdout_452ebad1693f44f3943d6aa353cd6cf7.
2025-06-13T14:59:20.6087768Z Opening named pipe /podr/container/pipe/648e71458350_spartaxclientprd/stdout_452ebad1693f44f3943d6aa353cd6cf7 for reading in non-blocking mode.
2025-06-13T14:59:20.6089292Z Successfully opened named pipe: /podr/container/pipe/648e71458350_spartaxclientprd/stdout_452ebad1693f44f3943d6aa353cd6cf7.
2025-06-13T14:59:20.6090496Z Successfully removed non-blocking flag from /podr/container/pipe/648e71458350_spartaxclientprd/stdout_452ebad1693f44f3943d6aa353cd6cf7.
2025-06-13T14:59:20.6091785Z Creating stderr named pipe at /podr/container/pipe/648e71458350_spartaxclientprd/stderr_7ed07223a60249b29c42795e77091799.
2025-06-13T14:59:20.6094361Z Successfully created stderr named pipe at: /podr/container/pipe/648e71458350_spartaxclientprd/stderr_7ed07223a60249b29c42795e77091799.
2025-06-13T14:59:20.6095894Z Opening named pipe /podr/container/pipe/648e71458350_spartaxclientprd/stderr_7ed07223a60249b29c42795e77091799 for reading in non-blocking mode.
2025-06-13T14:59:20.6097687Z Successfully opened named pipe: /podr/container/pipe/648e71458350_spartaxclientprd/stderr_7ed07223a60249b29c42795e77091799.
2025-06-13T14:59:20.6099180Z Successfully removed non-blocking flag from /podr/container/pipe/648e71458350_spartaxclientprd/stderr_7ed07223a60249b29c42795e77091799.
2025-06-13T14:59:20.6100666Z Creating container with image: appsvc/node:20-lts_20250506.5.tuxprod from registry: 10.1.0.6:13209 and fully qualified image name: 10.1.0.6:13209/appsvc/node:20-lts_20250506.5.tuxprod
2025-06-13T14:59:20.7258462Z Starting container: 648e71458350_spartaxclientprd.
2025-06-13T14:59:20.7394289Z Starting watchers and probes.
2025-06-13T14:59:20.7397414Z Starting metrics collection.
2025-06-13T14:59:20.7400178Z Container is running.
2025-06-13T14:59:20.7588847Z Container start method finished after 2461 ms.
2025-06-13T14:59:25.9207893Z npm info using npm@10.9.2
2025-06-13T14:59:25.9209367Z npm info using node@v20.19.1
2025-06-13T14:59:26.2994818Z npm http fetch GET 200 https://registry.npmjs.org/npm 172ms
2025-06-13T14:59:24.9394697Z Environment Variables for Application Insight's IPA Codeless Configuration exists..
2025-06-13T14:59:25.1961355Z Writing output script to '/opt/startup/startup.sh'
2025-06-13T14:59:25.4561171Z Running #!/bin/sh
2025-06-13T14:59:25.4562111Z 
2025-06-13T14:59:25.4562200Z # Enter the source directory to make sure the script runs where the user expects
2025-06-13T14:59:25.4562340Z cd "/home/site/wwwroot"
2025-06-13T14:59:25.4562409Z 
2025-06-13T14:59:25.4562454Z export NODE_PATH=/usr/local/lib/node_modules:$NODE_PATH
2025-06-13T14:59:25.4562498Z if [ -z "$PORT" ]; then
2025-06-13T14:59:25.4562543Z            export PORT=8080
2025-06-13T14:59:25.4562626Z fi
2025-06-13T14:59:25.4562673Z 
2025-06-13T14:59:25.4562717Z echo Found tar.gz based node_modules.
2025-06-13T14:59:25.4562761Z extractionCommand="tar -xzf node_modules.tar.gz -C /node_modules"
2025-06-13T14:59:25.4562825Z echo "Removing existing modules directory from root..."
2025-06-13T14:59:25.4562892Z rm -fr /node_modules
2025-06-13T14:59:25.4562935Z mkdir -p /node_modules
2025-06-13T14:59:25.4562978Z echo Extracting modules...
2025-06-13T14:59:25.4563020Z $extractionCommand
2025-06-13T14:59:25.4563070Z export NODE_PATH="/node_modules":$NODE_PATH
2025-06-13T14:59:25.4563138Z export PATH=/node_modules/.bin:$PATH
2025-06-13T14:59:25.4563181Z if [ -d node_modules ]; then
2025-06-13T14:59:25.4563228Z     mv -f node_modules _del_node_modules || true
2025-06-13T14:59:25.4563273Z fi
2025-06-13T14:59:25.4563317Z 
2025-06-13T14:59:25.4563386Z if [ -d /node_modules ]; then
2025-06-13T14:59:25.4563440Z     ln -sfn /node_modules ./node_modules 
2025-06-13T14:59:25.4563492Z fi
2025-06-13T14:59:25.4563543Z 
2025-06-13T14:59:25.4563593Z echo "Done."
2025-06-13T14:59:25.4563678Z PATH="$PATH:/home/site/wwwroot" npm rebuild && npx pm2-runtime start server.js --no-daemon
2025-06-13T14:59:25.4582905Z Found tar.gz based node_modules.
2025-06-13T14:59:25.4583574Z Removing existing modules directory from root...
2025-06-13T14:59:25.4618353Z Extracting modules...
2025-06-13T14:59:23.9547406Z Environment Variables for Application Insight's IPA Codeless Configuration exists..
2025-06-13T14:59:24.2160717Z Writing output script to '/opt/startup/startup.sh'
2025-06-13T14:59:24.4779260Z Running #!/bin/sh
2025-06-13T14:59:24.4780009Z 
2025-06-13T14:59:24.4780112Z # Enter the source directory to make sure the script runs where the user expects
2025-06-13T14:59:24.4780278Z cd "/home/site/wwwroot"
2025-06-13T14:59:24.4780370Z 
2025-06-13T14:59:24.4780438Z export NODE_PATH=/usr/local/lib/node_modules:$NODE_PATH
2025-06-13T14:59:24.4780508Z if [ -z "$PORT" ]; then
2025-06-13T14:59:24.4780605Z            export PORT=8080
2025-06-13T14:59:24.4780699Z fi
2025-06-13T14:59:24.4780765Z 
2025-06-13T14:59:24.4780841Z echo Found tar.gz based node_modules.
2025-06-13T14:59:24.4780910Z extractionCommand="tar -xzf node_modules.tar.gz -C /node_modules"
2025-06-13T14:59:24.4781032Z echo "Removing existing modules directory from root..."
2025-06-13T14:59:24.4781107Z rm -fr /node_modules
2025-06-13T14:59:24.4781175Z mkdir -p /node_modules
2025-06-13T14:59:24.4781241Z echo Extracting modules...
2025-06-13T14:59:24.4781304Z $extractionCommand
2025-06-13T14:59:24.4781389Z export NODE_PATH="/node_modules":$NODE_PATH
2025-06-13T14:59:24.4781470Z export PATH=/node_modules/.bin:$PATH
2025-06-13T14:59:24.4781538Z if [ -d node_modules ]; then
2025-06-13T14:59:24.4781664Z     mv -f node_modules _del_node_modules || true
2025-06-13T14:59:24.4781722Z fi
2025-06-13T14:59:24.4781807Z 
2025-06-13T14:59:24.4781869Z if [ -d /node_modules ]; then
2025-06-13T14:59:24.4781933Z     ln -sfn /node_modules ./node_modules 
2025-06-13T14:59:24.4781995Z fi
2025-06-13T14:59:24.4782054Z 
2025-06-13T14:59:24.4782111Z echo "Done."
2025-06-13T14:59:24.4782198Z PATH="$PATH:/home/site/wwwroot" npm rebuild && npx pm2-runtime start server.js --no-daemon
2025-06-13T14:59:24.4794498Z Found tar.gz based node_modules.
2025-06-13T14:59:24.4795763Z Removing existing modules directory from root...
2025-06-13T14:59:24.4836092Z Extracting modules...
2025-06-13T14:59:30.6631041Z npm info run cypress@13.17.0 postinstall ../../../node_modules/cypress node index.js --exec install
2025-06-13T14:59:30.6723945Z npm info run esbuild@0.25.2 postinstall ../../../node_modules/esbuild node install.js
2025-06-13T14:59:30.6767661Z npm info run cypress@13.17.0 postinstall node_modules/cypress node index.js --exec install
2025-06-13T14:59:31.3778276Z npm info run cypress@13.17.0 postinstall { code: 1, signal: null }
2025-06-13T14:59:31.3779008Z npm info run esbuild@0.25.2 postinstall node_modules/esbuild node install.js
2025-06-13T14:59:31.4205478Z npm error code 1
2025-06-13T14:59:31.4294330Z npm error path /home/site/wwwroot/node_modules/cypress
2025-06-13T14:59:31.4305935Z npm error command failed
2025-06-13T14:59:31.4306292Z npm error command sh -c node index.js --exec install
2025-06-13T14:59:31.4337538Z npm error node:internal/modules/cjs/loader:1215
2025-06-13T14:59:31.4337866Z npm error   throw err;
2025-06-13T14:59:31.4337937Z npm error   ^
2025-06-13T14:59:31.4337990Z npm error
2025-06-13T14:59:31.4338043Z npm error Error: Cannot find module './lib/util'
2025-06-13T14:59:31.4338152Z npm error Require stack:
2025-06-13T14:59:31.4338203Z npm error - /home/site/wwwroot/node_modules/cypress/index.js
2025-06-13T14:59:31.4338253Z npm error     at Module._resolveFilename (node:internal/modules/cjs/loader:1212:15)
2025-06-13T14:59:31.4338306Z npm error     at Module._load (node:internal/modules/cjs/loader:1043:27)
2025-06-13T14:59:31.4338377Z npm error     at Module.require (node:internal/modules/cjs/loader:1298:19)
2025-06-13T14:59:31.4338438Z npm error     at Module.patchedRequire [as require] (/agents/nodejs/node_modules/diagnostic-channel/dist/src/patchRequire.js:16:46)
2025-06-13T14:59:31.4338489Z npm error     at require (node:internal/modules/helpers:182:18)
2025-06-13T14:59:31.4338539Z npm error     at Object.<anonymous> (/home/site/wwwroot/node_modules/cypress/index.js:6:14)
2025-06-13T14:59:31.4338627Z npm error     at Module._compile (node:internal/modules/cjs/loader:1529:14)
2025-06-13T14:59:31.4338679Z npm error     at Module._extensions..js (node:internal/modules/cjs/loader:1613:10)
2025-06-13T14:59:31.4338729Z npm error     at Module.load (node:internal/modules/cjs/loader:1275:32)
2025-06-13T14:59:31.4338780Z npm error     at Module._load (node:internal/modules/cjs/loader:1096:12) {
2025-06-13T14:59:31.4338831Z npm error   code: 'MODULE_NOT_FOUND',
2025-06-13T14:59:31.4338900Z npm error   requireStack: [ '/home/site/wwwroot/node_modules/cypress/index.js' ]
2025-06-13T14:59:31.4338956Z npm error }
2025-06-13T14:59:31.4338999Z npm error
2025-06-13T14:59:31.4339046Z npm error Node.js v20.19.1
2025-06-13T14:59:31.4339090Z npm notice
2025-06-13T14:59:31.4339153Z npm notice New major version of npm available! 10.9.2 -> 11.4.2
2025-06-13T14:59:31.4339200Z npm notice Changelog: https://github.com/npm/cli/releases/tag/v11.4.2
2025-06-13T14:59:31.4339243Z npm notice To update run: npm install -g npm@11.4.2
2025-06-13T14:59:31.4339286Z npm notice
2025-06-13T14:59:31.4339534Z npm error A complete log of this run can be found in: /root/.npm/_logs/2025-06-13T14_59_25_856Z-debug-0.log
2025-06-13T14:59:31.5097843Z Container has finished running with exit code: 1.
2025-06-13T14:59:31.5100447Z Container is terminating. Grace period: 5 seconds.
2025-06-13T14:59:31.5103222Z Stop and delete container. Retry count = 0
2025-06-13T14:59:31.5104541Z Stopping container: a210ab3e29ea_spartaxclientprd.
2025-06-13T14:59:31.5218107Z Deleting container: a210ab3e29ea_spartaxclientprd. Retry count = 0
2025-06-13T14:59:32.6420879Z Container spec TerminationMessagePolicy  path 
2025-06-13T14:59:32.6423076Z Container is terminated. Total time elapsed: 1132 ms.
2025-06-13T14:59:32.6424455Z Site container: spartaxclientprd terminated during site startup.
2025-06-13T14:59:32.6426477Z Site startup probe failed after 17.5483934 seconds.
2025-06-13T14:59:32.6447000Z Failed to start site. Revert by stopping site.
2025-06-13T14:59:32.6449006Z Site: spartaxclientprd stopped.
2025-06-13T14:59:28.2852753Z mv: cannot overwrite non-directory '_del_node_modules/node_modules' with directory 'node_modules'
2025-06-13T14:59:28.3468734Z Done.
2025-06-13T14:59:28.9681872Z npm info using npm@10.9.2
2025-06-13T14:59:28.9682967Z npm info using node@v20.19.1
2025-06-13T14:59:29.9004847Z npm http fetch GET 200 https://registry.npmjs.org/npm 270ms
2025-06-13T14:59:30.6157270Z mv: cannot overwrite non-directory '_del_node_modules/node_modules' with directory 'node_modules'
2025-06-13T14:59:30.6593815Z Done.
2025-06-13T14:59:31.2200472Z npm info using npm@10.9.2
2025-06-13T14:59:31.2201524Z npm info using node@v20.19.1
2025-06-13T14:59:31.6512553Z npm http fetch GET 200 https://registry.npmjs.org/npm 174ms
2025-06-13T14:59:36.3714679Z npm info run cypress@13.17.0 postinstall ../../../node_modules/cypress node index.js --exec install
2025-06-13T14:59:36.3871397Z npm info run esbuild@0.25.2 postinstall ../../../node_modules/esbuild node install.js
2025-06-13T14:59:36.4061506Z npm info run cypress@13.17.0 postinstall node_modules/cypress node index.js --exec install
2025-06-13T14:59:37.0345024Z npm info run cypress@13.17.0 postinstall { code: 1, signal: null }
2025-06-13T14:59:37.0355143Z npm info run esbuild@0.25.2 postinstall node_modules/esbuild node install.js
2025-06-13T14:59:37.0782300Z npm error code 1
2025-06-13T14:59:37.0788732Z npm error path /home/site/wwwroot/node_modules/cypress
2025-06-13T14:59:37.0791667Z npm error command failed
2025-06-13T14:59:37.0795281Z npm error command sh -c node index.js --exec install
2025-06-13T14:59:37.0799019Z npm error node:internal/modules/cjs/loader:1215
2025-06-13T14:59:37.0799287Z npm error   throw err;
2025-06-13T14:59:37.0799348Z npm error   ^
2025-06-13T14:59:37.0799438Z npm error
2025-06-13T14:59:37.0799602Z npm error Error: Cannot find module './lib/util'
2025-06-13T14:59:37.0799696Z npm error Require stack:
2025-06-13T14:59:37.0799750Z npm error - /home/site/wwwroot/node_modules/cypress/index.js
2025-06-13T14:59:37.0799804Z npm error     at Module._resolveFilename (node:internal/modules/cjs/loader:1212:15)
2025-06-13T14:59:37.0799899Z npm error     at Module._load (node:internal/modules/cjs/loader:1043:27)
2025-06-13T14:59:37.0799956Z npm error     at Module.require (node:internal/modules/cjs/loader:1298:19)
2025-06-13T14:59:37.0800018Z npm error     at Module.patchedRequire [as require] (/agents/nodejs/node_modules/diagnostic-channel/dist/src/patchRequire.js:16:46)
2025-06-13T14:59:37.0800085Z npm error     at require (node:internal/modules/helpers:182:18)
2025-06-13T14:59:37.0800158Z npm error     at Object.<anonymous> (/home/site/wwwroot/node_modules/cypress/index.js:6:14)
2025-06-13T14:59:37.0800233Z npm error     at Module._compile (node:internal/modules/cjs/loader:1529:14)
2025-06-13T14:59:37.0800288Z npm error     at Module._extensions..js (node:internal/modules/cjs/loader:1613:10)
2025-06-13T14:59:37.0800338Z npm error     at Module.load (node:internal/modules/cjs/loader:1275:32)
2025-06-13T14:59:37.0800413Z npm error     at Module._load (node:internal/modules/cjs/loader:1096:12) {
2025-06-13T14:59:37.0800466Z npm error   code: 'MODULE_NOT_FOUND',
2025-06-13T14:59:37.0800528Z npm error   requireStack: [ '/home/site/wwwroot/node_modules/cypress/index.js' ]
2025-06-13T14:59:37.0800593Z npm error }
2025-06-13T14:59:37.0800646Z npm error
2025-06-13T14:59:37.0800719Z npm error Node.js v20.19.1
2025-06-13T14:59:37.0827179Z npm notice
2025-06-13T14:59:37.0827757Z npm notice New major version of npm available! 10.9.2 -> 11.4.2
2025-06-13T14:59:37.0827877Z npm notice Changelog: https://github.com/npm/cli/releases/tag/v11.4.2
2025-06-13T14:59:37.0827941Z npm notice To update run: npm install -g npm@11.4.2
2025-06-13T14:59:37.0828039Z npm notice
2025-06-13T14:59:37.0884812Z npm error A complete log of this run can be found in: /root/.npm/_logs/2025-06-13T14_59_31_163Z-debug-0.log
2025-06-13T14:59:37.1375286Z Container has finished running with exit code: 1.
2025-06-13T14:59:37.1377423Z Container is terminating. Grace period: 5 seconds.
2025-06-13T14:59:37.1380031Z Stop and delete container. Retry count = 0
2025-06-13T14:59:37.1381212Z Stopping container: 17c72c93d459_spartaxclientprd.
2025-06-13T14:59:37.1493492Z Deleting container: 17c72c93d459_spartaxclientprd. Retry count = 0
2025-06-13T14:59:38.6312295Z Container spec TerminationMessagePolicy  path 
2025-06-13T14:59:38.6314458Z Container is terminated. Total time elapsed: 1493 ms.
2025-06-13T14:59:38.6315691Z Site container: spartaxclientprd terminated during site startup.
2025-06-13T14:59:38.6317471Z Site startup probe failed after 16.930204 seconds.
2025-06-13T14:59:38.6333118Z Failed to start site. Revert by stopping site.
2025-06-13T14:59:38.6339700Z Site: spartaxclientprd stopped.
2025-06-13T14:59:34.4025714Z npm info run cypress@13.17.0 postinstall ../../../node_modules/cypress node index.js --exec install
2025-06-13T14:59:34.4121520Z npm info run esbuild@0.25.2 postinstall ../../../node_modules/esbuild node install.js
2025-06-13T14:59:34.4165474Z npm info run cypress@13.17.0 postinstall node_modules/cypress node index.js --exec install
2025-06-13T14:59:34.9485417Z npm info run cypress@13.17.0 postinstall { code: 1, signal: null }
2025-06-13T14:59:34.9537824Z npm info run esbuild@0.25.2 postinstall node_modules/esbuild node install.js
2025-06-13T14:59:34.9806499Z npm error code 1
2025-06-13T14:59:34.9809174Z npm error path /home/site/wwwroot/node_modules/cypress
2025-06-13T14:59:34.9815844Z npm error command failed
2025-06-13T14:59:34.9818565Z npm error command sh -c node index.js --exec install
2025-06-13T14:59:34.9821596Z npm error node:internal/modules/cjs/loader:1215
2025-06-13T14:59:34.9821858Z npm error   throw err;
2025-06-13T14:59:34.9821920Z npm error   ^
2025-06-13T14:59:34.9821975Z npm error
2025-06-13T14:59:34.9822173Z npm error Error: Cannot find module './lib/util'
2025-06-13T14:59:34.9822270Z npm error Require stack:
2025-06-13T14:59:34.9822322Z npm error - /home/site/wwwroot/node_modules/cypress/index.js
2025-06-13T14:59:34.9822371Z npm error     at Module._resolveFilename (node:internal/modules/cjs/loader:1212:15)
2025-06-13T14:59:34.9822447Z npm error     at Module._load (node:internal/modules/cjs/loader:1043:27)
2025-06-13T14:59:34.9822493Z npm error     at Module.require (node:internal/modules/cjs/loader:1298:19)
2025-06-13T14:59:34.9822555Z npm error     at Module.patchedRequire [as require] (/agents/nodejs/node_modules/diagnostic-channel/dist/src/patchRequire.js:16:46)
2025-06-13T14:59:34.9822604Z npm error     at require (node:internal/modules/helpers:182:18)
2025-06-13T14:59:34.9822683Z npm error     at Object.<anonymous> (/home/site/wwwroot/node_modules/cypress/index.js:6:14)
2025-06-13T14:59:34.9822760Z npm error     at Module._compile (node:internal/modules/cjs/loader:1529:14)
2025-06-13T14:59:34.9822812Z npm error     at Module._extensions..js (node:internal/modules/cjs/loader:1613:10)
2025-06-13T14:59:34.9822860Z npm error     at Module.load (node:internal/modules/cjs/loader:1275:32)
2025-06-13T14:59:34.9822934Z npm error     at Module._load (node:internal/modules/cjs/loader:1096:12) {
2025-06-13T14:59:34.9822987Z npm error   code: 'MODULE_NOT_FOUND',
2025-06-13T14:59:34.9823050Z npm error   requireStack: [ '/home/site/wwwroot/node_modules/cypress/index.js' ]
2025-06-13T14:59:34.9823109Z npm error }
2025-06-13T14:59:34.9823161Z npm error
2025-06-13T14:59:34.9823238Z npm error Node.js v20.19.1
2025-06-13T14:59:34.9848333Z npm notice
2025-06-13T14:59:34.9848639Z npm notice New major version of npm available! 10.9.2 -> 11.4.2
2025-06-13T14:59:34.9848720Z npm notice Changelog: https://github.com/npm/cli/releases/tag/v11.4.2
2025-06-13T14:59:34.9848776Z npm notice To update run: npm install -g npm@11.4.2
2025-06-13T14:59:34.9848866Z npm notice
2025-06-13T14:59:34.9859891Z npm error A complete log of this run can be found in: /root/.npm/_logs/2025-06-13T14_59_28_884Z-debug-0.log
2025-06-13T14:59:35.0316644Z Container has finished running with exit code: 1.
2025-06-13T14:59:35.0318217Z Container is terminating. Grace period: 5 seconds.
2025-06-13T14:59:35.0320903Z Stop and delete container. Retry count = 0
2025-06-13T14:59:35.0322317Z Stopping container: 648e71458350_spartaxclientprd.
2025-06-13T14:59:35.0433558Z Deleting container: 648e71458350_spartaxclientprd. Retry count = 0
2025-06-13T14:59:36.8239048Z Container spec TerminationMessagePolicy  path 
2025-06-13T14:59:36.8241394Z Container is terminated. Total time elapsed: 1792 ms.
2025-06-13T14:59:36.8242905Z Site container: spartaxclientprd terminated during site startup.
2025-06-13T14:59:36.8245120Z Site startup probe failed after 16.0613957 seconds.
2025-06-13T14:59:36.8265244Z Failed to start site. Revert by stopping site.
2025-06-13T14:59:36.8271992Z Site: spartaxclientprd stopped.
2025-06-13T14:59:33.0237869Z Site container: spartaxclientprd_managedIdentity terminated during site startup.
2025-06-13T14:59:33.0257538Z ManagedIdentity container failed to startup
2025-06-13T14:59:33.2192402Z Site: spartaxclientprd will be blocked for 4 minutes till 06/13/2025 15:03:33
2025-06-13T14:59:41.1204850Z Container start method called.
2025-06-13T14:59:41.5198250Z    _____                               
2025-06-13T14:59:41.5198858Z   /  _  \ __________ _________   ____  
2025-06-13T14:59:41.5198957Z  /  /_\  \\___   /  |  \_  __ \_/ __ \ 
2025-06-13T14:59:41.5199018Z /    |    \/    /|  |  /|  | \/\  ___/ 
2025-06-13T14:59:41.5199077Z \____|__  /_____ \____/ |__|    \___  >
2025-06-13T14:59:41.5199163Z         \/      \/                  \/ 
2025-06-13T14:59:41.5199217Z A P P   S E R V I C E   O N   L I N U X
2025-06-13T14:59:41.5199274Z 
2025-06-13T14:59:41.5199329Z Documentation: http://aka.ms/webapp-linux
2025-06-13T14:59:41.5199395Z NodeJS quickstart: https://aka.ms/node-qs
2025-06-13T14:59:41.5199454Z NodeJS Version : v20.19.1
2025-06-13T14:59:41.5199508Z Note: Any data outside '/home' is not persisted
2025-06-13T14:59:41.5199564Z 
2025-06-13T14:59:42.2589469Z Starting OpenBSD Secure Shell server: sshd.
2025-06-13T14:59:42.2623764Z WEBSITES_INCLUDE_CLOUD_CERTS is not set to true.
2025-06-13T14:59:42.2691701Z Updating certificates in /etc/ssl/certs...
2025-06-13T14:59:43.8860566Z rehash: warning: skipping ca-certificates.crt,it does not contain exactly one certificate or CRL
2025-06-13T14:59:43.8933946Z 2 added, 0 removed; done.
2025-06-13T14:59:43.8934854Z Running hooks in /etc/ca-certificates/update.d...
2025-06-13T14:59:43.8984333Z done.
2025-06-13T14:59:43.9005502Z CA certificates copied and updated successfully.
2025-06-13T14:59:43.9356270Z Starting periodic command scheduler: cron.
2025-06-13T14:59:43.9442241Z Found build manifest file at '/home/site/wwwroot/oryx-manifest.toml'. Deserializing it...
2025-06-13T14:59:43.9483267Z Could not find operation ID in manifest. Generating an operation id...
2025-06-13T14:59:43.9483917Z Build Operation ID: 9d2cb226-01f9-4cf9-a7b5-078d67242820
2025-06-13T14:59:41.1206404Z Establishing network.
2025-06-13T14:59:41.1207881Z Pulling image: appsvc/node:20-lts_20250506.5.tuxprod.
2025-06-13T14:59:41.1958991Z Container is starting.
2025-06-13T14:59:41.1960315Z Establishing user namespace if not established already.
2025-06-13T14:59:41.1961666Z Establishing network if not established already.
2025-06-13T14:59:41.1963051Z Mounting volumes.
2025-06-13T14:59:41.1964698Z Nested mountpoint 
2025-06-13T14:59:41.1989516Z Nested mountpoint volatile/logs
2025-06-13T14:59:41.2004736Z Nested mountpoint 
2025-06-13T14:59:41.2019587Z Nested mountpoint 
2025-06-13T14:59:41.2034562Z Nested mountpoint 
2025-06-13T14:59:41.2044363Z Nested mountpoint 
2025-06-13T14:59:41.2103814Z Nested mountpoint 
2025-06-13T14:59:41.2135711Z Nested mountpoint 
2025-06-13T14:59:41.2165328Z Nested mountpoint 
2025-06-13T14:59:41.2221866Z Nested mountpoint 
2025-06-13T14:59:41.3928028Z Creating container.
2025-06-13T14:59:41.3931585Z Creating pipes for streaming container io.
2025-06-13T14:59:41.3935727Z Creating stdout named pipe at /podr/container/pipe/0aa07bb60c2e_spartaxclientprd/stdout_1a2906dfa73741b88b89044676465ee9.
2025-06-13T14:59:41.3939482Z Successfully created stdout named pipe at: /podr/container/pipe/0aa07bb60c2e_spartaxclientprd/stdout_1a2906dfa73741b88b89044676465ee9.
2025-06-13T14:59:41.3941570Z Opening named pipe /podr/container/pipe/0aa07bb60c2e_spartaxclientprd/stdout_1a2906dfa73741b88b89044676465ee9 for reading in non-blocking mode.
2025-06-13T14:59:41.3943716Z Successfully opened named pipe: /podr/container/pipe/0aa07bb60c2e_spartaxclientprd/stdout_1a2906dfa73741b88b89044676465ee9.
2025-06-13T14:59:41.3946683Z Successfully removed non-blocking flag from /podr/container/pipe/0aa07bb60c2e_spartaxclientprd/stdout_1a2906dfa73741b88b89044676465ee9.
2025-06-13T14:59:41.3952706Z Creating stderr named pipe at /podr/container/pipe/0aa07bb60c2e_spartaxclientprd/stderr_6e38b89082164b2bb4b083e54fbc29c2.
2025-06-13T14:59:41.3955963Z Successfully created stderr named pipe at: /podr/container/pipe/0aa07bb60c2e_spartaxclientprd/stderr_6e38b89082164b2bb4b083e54fbc29c2.
2025-06-13T14:59:41.3960211Z Opening named pipe /podr/container/pipe/0aa07bb60c2e_spartaxclientprd/stderr_6e38b89082164b2bb4b083e54fbc29c2 for reading in non-blocking mode.
2025-06-13T14:59:41.3963965Z Successfully opened named pipe: /podr/container/pipe/0aa07bb60c2e_spartaxclientprd/stderr_6e38b89082164b2bb4b083e54fbc29c2.
2025-06-13T14:59:41.3967540Z Successfully removed non-blocking flag from /podr/container/pipe/0aa07bb60c2e_spartaxclientprd/stderr_6e38b89082164b2bb4b083e54fbc29c2.
2025-06-13T14:59:41.3971183Z Creating container with image: appsvc/node:20-lts_20250506.5.tuxprod from registry: 10.1.0.6:13209 and fully qualified image name: 10.1.0.6:13209/appsvc/node:20-lts_20250506.5.tuxprod
2025-06-13T14:59:41.4957142Z Starting container: 0aa07bb60c2e_spartaxclientprd.
2025-06-13T14:59:41.5078777Z Starting watchers and probes.
2025-06-13T14:59:41.5088958Z Starting metrics collection.
2025-06-13T14:59:41.5094075Z Container is running.
2025-06-13T14:59:41.5258648Z Container start method finished after 405 ms.
2025-06-13T14:59:37.1571060Z Site container: spartaxclientprd_managedIdentity terminated during site startup.
2025-06-13T14:59:37.1579707Z ManagedIdentity container failed to startup
2025-06-13T14:59:45.4902198Z Container start method called.